Arguments: 
  C:\Program Files\nodejs\node.exe C:\Users\kpozd\.yarn\releases\yarn-1.22.10.cjs

PATH: 
  C:\Users\kpozd\WebstormProjects\marketplace\node_modules\.bin;C:\WINDOWS\system32;C:\WINDOWS;C:\WINDOWS\System32\Wbem;C:\WINDOWS\System32\WindowsPowerShell\v1.0\;C:\WINDOWS\System32\OpenSSH\;C:\Program Files\nodejs\;C:\Program Files\Git\cmd;C:\Program Files\PuTTY\;C:\Program Files\Docker\Docker\resources\bin;C:\ProgramData\DockerDesktop\version-bin;C:\Users\kpozd\.cargo\bin;C:\Users\kpozd\AppData\Local\Microsoft\WindowsApps;C:\Users\kpozd\AppData\Roaming\npm;C:\Users\kpozd\AppData\Local\GitHubDesktop\bin;C:\Program Files\JetBrains\WebStorm 2020.1\bin;

Yarn version: 
  1.22.10

Node version: 
  14.15.5

Platform: 
  win32 x64

Trace: 
  TypeError: Invalid Version: 2.01
      at new SemVer (C:\Users\kpozd\.yarn\releases\yarn-1.22.10.cjs:3347:11)
      at Range.module.exports.Range.test (C:\Users\kpozd\.yarn\releases\yarn-1.22.10.cjs:4154:15)
      at Function.satisfies (C:\Users\kpozd\.yarn\releases\yarn-1.22.10.cjs:4203:16)
      at WorkspaceLayout.getManifestByPattern (C:\Users\kpozd\.yarn\releases\yarn-1.22.10.cjs:33205:31)
      at Function.isWorkspace (C:\Users\kpozd\.yarn\releases\yarn-1.22.10.cjs:105240:51)
      at C:\Users\kpozd\.yarn\releases\yarn-1.22.10.cjs:38204:76
      at Generator.next (<anonymous>)
      at step (C:\Users\kpozd\.yarn\releases\yarn-1.22.10.cjs:310:30)
      at C:\Users\kpozd\.yarn\releases\yarn-1.22.10.cjs:328:14
      at new Promise (<anonymous>)

npm manifest: 
  {
    "name": "unique-marketplace",
    "repository": "https://github.com/usetech-llc/marketplace",
    "main": "packages/apps-electron/build/electron.js",
    "description": "A marketplace for unique nft tokens",
    "author": "Jaco Greeff <jacogr@gmail.com>, Konstantin Pozdnikin <kpozdnikin@usetech.ru>",
    "version": "0.83.2-28",
    "license": "Apache-2",
    "private": true,
    "homepage": ".",
    "workspaces": [
      "packages/*"
    ],
    "resolutions": {
      "@polkadot/api": "^4.10.1",
      "@polkadot/api-contract": "^4.10.1",
      "@polkadot/hw-ledger": "^6.4.1",
      "@polkadot/keyring": "^6.4.1",
      "@polkadot/networks": "^6.4.1",
      "@polkadot/phishing": "^0.6.144",
      "@polkadot/types": "^4.10.1",
      "@polkadot/util": "^6.4.1",
      "@polkadot/util-crypto": "^6.4.1",
      "@polkadot/wasm-crypto": "^4.0.2",
      "@polkadot/x-rxjs": "^6.4.1",
      "babel-core": "^7.0.0-bridge.0",
      "styled-components": "^5.2.0",
      "typescript": "^4.2.4"
    },
    "scripts": {
      "analyze": "yarn clean && BUILD_ANALYZE=1 yarn run build:code && yarn source-map-explorer packages/apps/build/main.*.js",
      "build": "yarn run build:i18n && yarn run build:code",
      "build:code": "NODE_ENV=production yarn polkadot-dev-build-ts",
      "build:i18n": "i18next-scanner --config i18next-scanner.config.js && node ./scripts/i18nSort.cjs",
      "build:release:electron": "yarn build && yarn build:electron && yarn postinstall:electron",
      "build:release:ipfs": "node scripts/ipfsUpload.cjs",
      "build:release:ghpages": "yarn polkadot-ci-ghact-docs",
      "build:release:www": "yarn polkadot-ci-ghact-build && yarn build:release:ipfs && yarn build:release:ghpages",
      "build:robohash": "node scripts/robohash.cjs",
      "build:www": "rm -rf packages/apps/build && mkdir -p packages/apps/build && yarn run build:i18n && cd packages/apps && yarn webpack --config webpack.config.cjs",
      "build:electron": "yarn clean:electronBuild && yarn build:electronMain && yarn build:electronRenderer",
      "build:devElectronRenderer": "cd packages/apps-electron && yarn webpack --config webpack.renderer.cjs",
      "build:electronRenderer": "cd packages/apps-electron && NODE_ENV=production yarn webpack --config webpack.renderer.cjs",
      "build:devElectronMain": "cd packages/apps-electron && yarn webpack --config webpack.main.cjs",
      "build:electronMain": "cd packages/apps-electron && NODE_ENV=production yarn webpack --config webpack.main.cjs",
      "packElectron:test": "yarn build:release:electron && electron-builder --dir",
      "packElectron:mac": "yarn build:release:electron && electron-builder build --mac",
      "packElectron:win": "yarn build:release:electron && electron-builder build --win",
      "packElectron:linux": "yarn build:release:electron && electron-builder build --linux",
      "packElectron": "yarn build:release:electron && yarn clean:electronRelease && electron-builder build -mwl",
      "docs": "echo \"skipping docs\"",
      "clean": "polkadot-dev-clean-build",
      "clean:electronBuild": "cd packages/apps-electron && polkadot-dev-clean-build",
      "clean:electronRelease": "cd packages/apps-electron && rm -rf release",
      "clean:i18n": "rm -rf packages/apps/public/locales/en && mkdir -p packages/apps/public/locales/en",
      "lint": "polkadot-dev-run-lint",
      "lint:css": "stylelint './packages/**/src/**/*.tsx'",
      "postinstall": "polkadot-dev-yarn-only",
      "postinstall:electron": "electron-builder install-app-deps",
      "test": "polkadot-dev-run-test --selectProjects=fast-tests --silent --testPathIgnorePatterns slow --testNamePattern='^((?!--SLOW--).)*$'",
      "test:all": "polkadot-dev-run-test --selectProjects=all-tests --silent",
      "test:one": "polkadot-dev-run-test",
      "start": "yarn clean && cd packages/apps && yarn webpack-cli serve --config webpack.serve.cjs --port 3000",
      "start:electron": "yarn clean:electronBuild && concurrently 'yarn build:devElectronMain && cd packages/apps-electron && electron ./build/electron.js' 'yarn build:devElectronRenderer'"
    },
    "devDependencies": {
      "@babel/core": "^7.14.2",
      "@babel/register": "^7.13.16",
      "@babel/runtime": "^7.14.0",
      "@crustio/crust-pin": "^0.0.1",
      "@pinata/sdk": "^1.1.20",
      "@polkadot/dev": "^0.62.14",
      "@polkadot/ts": "^0.3.66",
      "@types/bn.js": "^4.11.6",
      "@types/chart.js": "^2.9.32",
      "@types/file-saver": "^2.0.2",
      "@types/jest": "^26.0.23",
      "@types/react-beautiful-dnd": "^13.0.0",
      "@types/react-copy-to-clipboard": "^5.0.0",
      "@types/react-dom": "^17.0.5",
      "@types/react-router-dom": "^5.1.7",
      "@types/store": "^2.0.2",
      "@types/styled-components": "^5.1.9",
      "@types/styled-theming": "^2.2.5",
      "concurrently": "^6.1.0",
      "devtron": "^1.4.0",
      "dnslink-cloudflare": "^3.0.0",
      "electron": "^12.0.7",
      "electron-builder": "^22.11.4",
      "electron-builder-notarize": "^1.2.0",
      "i18next-scanner": "^3.0.0",
      "react": "^17.0.2",
      "react-dom": "^17.0.2",
      "react-is": "^17.0.2",
      "sass": "^1.26.8",
      "sass-loader": "^8.0.2",
      "source-map-explorer": "^2.5.2",
      "styled-components": "^5.3.0",
      "stylelint": "^13.13.1",
      "stylelint-config-recommended": "^5.0.0",
      "stylelint-config-styled-components": "^0.1.1",
      "webpack": "^5.37.0",
      "webpack-cli": "^4.7.0",
      "webpack-manifest-plugin": "^3.0.0"
    },
    "dependencies": {
      "@types/lodash": "^4.14.168",
      "@types/lodash.memoize": "^4.1.6",
      "@types/react-infinite-scroller": "^1.2.1",
      "@xstate/react": "^1.1.0",
      "bignumber": "^1.1.0",
      "cypress": "^6.8.0",
      "lodash": "^4.17.21",
      "protobufjs": "^6.10.2",
      "react-images-uploading": "^3.1.2",
      "react-infinite-scroller": "^1.2.4",
      "style-loader": "^2.0.0",
      "thread-loader": "^3.0.1",
      "xstate": "^4.15.0"
    }
  }

yarn manifest: 
  No manifest

Lockfile: 
  No lockfile
